[geekprank.com/index.html]
[backblue.gif]
[fade.gif]
[index.html]
[geekprank.com/images/ogimage.jpg]
[geekprank.com/mobile/index.html]
[code.jquery.com/ui/1.12.1/themes/base/jquery-ui.css]
[code.jquery.com/jquery-1.12.4.js]
[code.jquery.com/ui/1.12.1/jquery-ui.js]
[geekprank.com/scripts.js]
[geekprank.com/style.css]
[geekprank.com/choice.js]
[geekprank.com/choice/index.html]
[geekprank.com/images/background.jpg]
[geekprank.com/minesweeper/index.html]
[geekprank.com/images/toolbar1.png]
[geekprank.com/tetris/index.html]
[geekprank.com/images/toolbar2.png]
[geekprank.com/images/toolbar3.png]
[geekprank.com/images/toolbar-sep.png]
[geekprank.com/images/toolbar4.png]
[geekprank.com/images/toolbar5.png]
[geekprank.com/images/toolbar6.png]
[geekprank.com/images/pc-icon.png]
[geekprank.com/images/greenGo.png]
[geekprank.com/images/dropup-ico.png]
[geekprank.com/images/ico/wait.png]
[geekprank.com/images/ico/open.png]
[geekprank.com/images/ico/pc.png]
[geekprank.com/images/ico/phone.png]
[geekprank.com/images/ico/screen.png]
[geekprank.com/images/ico/close.png]
[geekprank.com/images/ico/prank.png]
[geekprank.com/terms-and-conditions.html]
[geekprank.com/hacker/index.html]
[geekprank.com/sitemap.html]
[geekprank.com/fbi-warning/index.html]
[geekprank.com/fake-virus/index.html]
[geekprank.com/chat-screenshot/index.html]
[geekprank.com/images/windowslogo.png]
[geekprank.com/apple/index.html]
[geekprank.com/images/ie1.png]
[geekprank.com/images/ie2.png]
[geekprank.com/winxp-update/index.html]
[geekprank.com/images/ie3.png]
[geekprank.com/images/ie4.png]
[geekprank.com/images/ie5.png]
[geekprank.com/images/ie-sep.png]
[geekprank.com/images/ie6.png]
[geekprank.com/images/ie7.png]
[geekprank.com/win7-update/index.html]
[geekprank.com/images/ie8.png]
[geekprank.com/images/ie9.png]
[geekprank.com/images/ie10.png]
[geekprank.com/win10-update/index.html]
[geekprank.com/images/ie11.png]
[geekprank.com/images/ie12.png]
[geekprank.com/images/ie-addressbar-ico.png]
[geekprank.com/bios/index.html]
[geekprank.com/images/ieLinks.png]
[geekprank.com/images/iedone.png]
[geekprank.com/images/iefooter.png]
[geekprank.com/pipes/index.html]
[geekprank.com/images/default_icon.jpg]
[geekprank.com/index.html]
[geekprank.com/images/welcome-icons.png]
[geekprank.com/matrix-code-rain/index.html]
[cdn.ampproject.org/v0.js]
[geekprank.com/static-tv-noise/index.html]
[cdn.ampproject.org/v0/amp-social-share-0.1.js]
[geekprank.com/cracked-screen/index.html]
[geekprank.com/jurassic-park/index.html]
[cdn.ampproject.org/v0/amp-analytics-0.1.js]
[cdn.ampproject.org/v0/amp-sidebar-0.1.js]
[cdn.ampproject.org/v0/amp-carousel-0.1.js]
[cdn.ampproject.org/v0/amp-facebook-like-0.1.js]
[geekprank.com/images/slider/insect-hunter-game.jpg]
[geekprank.com/images/slider/hacker.jpg]
[geekprank.com/images/slider/pretty-cool-site.jpg]
[geekprank.com/images/slider/fake-virus-screen-system-lock.jpg]
[geekprank.com/images/slider/computer-fbi-warning.jpg]
[geekprank.com/boot-device-not-found/index.html]
[geekprank.com/images/slider/never-ending-apple-ios-upload-screen.jpg]
[geekprank.com/images/slider/prank-windows-xp-upgrade-screen.jpg]
[geekprank.com/images/slider/infinite-windows7-update.jpg]
[geekprank.com/images/slider/windows-10-upgrade-loading.jpg]
[geekprank.com/images/slider/online-dos-cmd-simulator.jpg]
[geekprank.com/images/slider/bios-cmos-boot-setting-simulator.jpg]
[geekprank.com/images/slider/matrix-rain-screen.jpg]
[geekprank.com/images/slider/black-white-tv-dots.jpg]
[geekprank.com/images/slider/cracked-monitor.jpg]
[geekprank.com/fake-dos/index.html]
[geekprank.com/images/slider/jurassic-park.jpg]
[geekprank.com/images/slider/windows-blue-death-screen-cmos-error-kernel-panic.jpg]
[geekprank.com/mobile/index.html]
[geekprank.com/blue-death/index.html]
[code.jquery.com/ui/1.12.1/themes/base/images/ui-icons_444444_256x240.png]
[code.jquery.com/ui/1.12.1/themes/base/images/ui-icons_555555_256x240.png]
[code.jquery.com/ui/1.12.1/themes/base/images/ui-icons_ffffff_256x240.png]
[code.jquery.com/ui/1.12.1/themes/base/images/ui-icons_777620_256x240.png]
[code.jquery.com/ui/1.12.1/themes/base/images/ui-icons_cc0000_256x240.png]
[code.jquery.com/ui/1.12.1/themes/base/images/ui-icons_777777_256x240.png]
[code.jquery.com/ui/1.12.1/themes/base/jquery-ui.css]
[geekprank.com/images/welcome-icons5a93.png]
[geekprank.com/images/my_computer.png]
[geekprank.com/images/ie-ico.png]
[geekprank.com/images/my_documents.png]
[geekprank.com/images/recycle_bin.png]
[geekprank.com/images/my_network_places.png]
[geekprank.com/images/openwelcome.png]
[geekprank.com/images/openmirc.png]
[geekprank.com/images/openinternet.png]
[geekprank.com/images/openwinamp.png]
[geekprank.com/images/opentetris.png]
[geekprank.com/images/openminesweeper.png]
[geekprank.com/images/startmenu/ie.png]
[geekprank.com/images/startmenu/thunderbird.png]
[geekprank.com/images/startmenu/windows_media_player.png]
[geekprank.com/images/startmenu/minesweeper.png]
[geekprank.com/images/startmenu/tetris.png]
[geekprank.com/images/startmenu/commandPrompt.png]
[geekprank.com/images/startmenu/totalcommander.png]
[geekprank.com/images/startmenu/winamp.png]
[geekprank.com/images/startmenu/mydocs.html]
[geekprank.com/images/startmenu/myrecent.png]
[geekprank.com/images/startmenu/mypics.html]
[geekprank.com/images/startmenu/mymusic.png]
[geekprank.com/images/startmenu/mycomp.png]
[geekprank.com/images/startmenu/mynetwork.png]
[geekprank.com/images/startmenu/controlpanel.png]
[geekprank.com/images/startmenu/printers.png]
[geekprank.com/images/startmenu/helpsupport.png]
[geekprank.com/images/startmenu/search.png]
[geekprank.com/images/startmenu/run.png]
[geekprank.com/images/startmenu/textdoc.png]
[geekprank.com/images/startmenu/mywebsite.png]
[geekprank.com/images/startmenu/image.html]
[geekprank.com/images/recent_arrows.png]
[geekprank.com/images/programs.png]
[geekprank.com/images/startmenu/ie16.png]
[geekprank.com/images/startmenu/msn16.png]
[geekprank.com/images/startmenu/wm16.png]
[geekprank.com/images/startmenu/oe16.png]
[geekprank.com/images/startmenu/ra16.png]
[geekprank.com/images/startmenu/wmp16.png]
[geekprank.com/images/windows_update.png]
[geekprank.com/images/window_bar.png]
[geekprank.com/images/other/run_dialog.png]
[geekprank.com/images/winamp-back.png]
[geekprank.com/images/visualizer.gif]
[geekprank.com/images/winamp-trail.png]
[geekprank.com/images/welcomeBuble.png]
[geekprank.com/images/window_corners2.png]
[geekprank.com/images/minesweeper-ico.png]
[geekprank.com/images/window_corners3.png]
[geekprank.com/images/tetris-ico.png]
[geekprank.com/images/windowBottomBar.png]
[geekprank.com/images/adocska.png]
[geekprank.com/images/SREntryspan.png]
[geekprank.com/images/similarPages.png]
[geekprank.com/images/dropdown-ico.png]
[geekprank.com/images/other/monitor.png]
[geekprank.com/images/other/energy.png]
[geekprank.com/images/taskbar.png]
[geekprank.com/images/start_button.png]
[geekprank.com/images/clock.png]
[geekprank.com/images/start_menu.png]
[geekprank.com/images/logoff.png]
[geekprank.com/images/shutdown.png]
[geekprank.com/images/system_tray_arrow.png]
[geekprank.com/images/system_tray_gmail.png]
[geekprank.com/images/system_tray_lan.png]
[geekprank.com/images/system_tray_winamp.png]
[geekprank.com/images/system_tray_msn.png]
[geekprank.com/images/taskbar_resize.png]
[geekprank.com/images/quick_launch_destkop.png]
[geekprank.com/images/quick_launch_cmd.png]
[geekprank.com/images/quick_launch_winamp.png]
[geekprank.com/images/quick_launch_ie.png]
[geekprank.com/images/open_button.png]
[geekprank.com/images/divider.png]
[geekprank.com/images/divider2.png]
[geekprank.com/images/recent_arrows.html]
[geekprank.com/images/my_recent_side.png]
[geekprank.com/images/programs_arrow.png]
[geekprank.com/images/window_corners.png]
[geekprank.com/images/window_buttons.png]
[geekprank.com/style.css]
[geekprank.com/choice/index.html]
[geekprank.com/choice.html]
[geekprank.com/minesweeper/images/minesweeper/alertWindow.png]
[geekprank.com/minesweeper/script9dd4.js]
[geekprank.com/minesweeper/images/minesweeper/notchecked.gif]
[geekprank.com/minesweeper/index-2.html]
[geekprank.com/minesweeper/images/minesweeper/checked.gif]
[geekprank.com/minesweeper/index.html]
[geekprank.com/tetris/stats.js]
[geekprank.com/tetris/index.html]
[geekprank.com/hacker/jquery-jqui.js]
[geekprank.com/tetris/index-2.html]
[geekprank.com/hacker/hacker7f2f.css]
[geekprank.com/hacker/geek-hacker-typer.jpg]
[geekprank.com/hacker/amp/index.html]
[geekprank.com/hacker/wait.gif]
[geekprank.com/hacker/lock-green.gif]
[geekprank.com/hacker/top-secret.png]
[geekprank.com/hacker/skull.png]
[geekprank.com/hacker/simulador/index.html]
[geekprank.com/hacker/topsecret.png]
[geekprank.com/hacker/globe.gif]
[geekprank.com/hacker/triangle.gif]
[geekprank.com/hacker/satellite.gif]
[geekprank.com/hacker/simulador-pt/index.html]
[geekprank.com/hacker/map1.jpg]
[geekprank.com/hacker/particles.min.js]
[geekprank.com/hacker/hacker7f2f.js]
[geekprank.com/hacker/index.html]
[geekprank.com/hacker/simulateur/index.html]
[geekprank.com/hacker/simulator/index.html]
[geekprank.com/hacker/simulatoru/index.html]
[geekprank.com/chat-screenshot/amp.html]
[geekprank.com/chat-screenshot/online-chat-messenger-screenshot-generator.jpg]
[geekprank.com/hacker/typer/index.html]
[ajax.googleapis.com/ajax/libs/jquery/3.3.1/jquery.min.js]
[geekprank.com/chat-screenshot/index3742.js]
[geekprank.com/chat-screenshot/index3742.css]
[geekprank.com/chat-screenshot/logo.png]
[geekprank.com/chat-screenshot/suzan.jpg]
[geekprank.com/chat-screenshot/img-missing.png]
[geekprank.com/chat-screenshot/index.html]
[geekprank.com/chat-screenshot/myface.jpg]
[geekprank.com/fake-virus/og.jpg]
[geekprank.com/fake-virus/style3742.css]
[code.jquery.com/jquery-latest.min.js]
[geekprank.com/fake-virus/script3742.js]
[geekprank.com/fake-virus/background.jpg]
[geekprank.com/fake-virus/fake-virus.png]
[geekprank.com/fake-virus/fake-virus-prank.png]
[geekprank.com/fake-virus/cursor.gif]
[geekprank.com/fake-virus/fake-hacked-computer.png]
[geekprank.com/fake-virus/files-encrypted-prank.png]
[geekprank.com/fake-virus/pay-with-kidneys.png]
[geekprank.com/fake-virus/support.png]
[geekprank.com/fake-virus/index.html]
[geekprank.com/fbi-warning/og.jpg]
[geekprank.com/fbi-warning/style3742.css]
[geekprank.com/fbi-warning/script3742.js]
[geekprank.com/fbi-warning/fake-fbi-waring-prank.jpg]
[geekprank.com/fbi-warning/logo.png]
[geekprank.com/fbi-warning/internet-security-reasons.png]
[geekprank.com/fbi-warning/cursor.gif]
[geekprank.com/fbi-warning/support.png]
[geekprank.com/fbi-warning/index.html]
[geekprank.com/apple/mobile.html]
[geekprank.com/apple/social.jpg]
[geekprank.com/apple/index.html]
[geekprank.com/images/screenshot.jpg]
[geekprank.com/winxp-update/style.css]
[geekprank.com/winxp-update/script.js]
[geekprank.com/winxp-update/xplogo.png]
[geekprank.com/winxp-update/index.html]
[geekprank.com/win7-update/social.jpg]
[geekprank.com/win7-update/script.js]
[geekprank.com/win7-update/style.css]
[geekprank.com/win7-update/thinking.gif]
[geekprank.com/win7-update/win7pro.png]
[geekprank.com/win7-update/index.html]
[geekprank.com/win10-update/social.jpg]
[code.jquery.com/jquery-2.1.4.min.js]
[geekprank.com/win10-update/script.js]
[geekprank.com/win10-update/index.html]
[geekprank.com/win10-update/style.css]
[geekprank.com/bios/style.css]
[geekprank.com/bios/index.html]
[geekprank.com/bios/script.js]
[geekprank.com/pipes/lib/sri-fallback.js]
[cdnjs.cloudflare.com/ajax/libs/three.js/98/three.min.js]
[geekprank.com/pipes/lib/OrbitControls.js]
[geekprank.com/pipes/lib/TeapotBufferGeometry.js]
[geekprank.com/xp-simulator.html]
[geekprank.com/pipes/screensaver5870.js]
[geekprank.com/pipes/index.html]
[geekprank.com/matrix-code-rain/style.css]
[geekprank.com/matrix-code-rain/script5e1f.js]
[geekprank.com/matrix-code-rain/index.html]
[ajax.googleapis.com/ajax/libs/jquery/1.7.1/jquery.min.js]
[geekprank.com/static-tv-noise/script.js]
[geekprank.com/static-tv-noise/style.css]
[geekprank.com/static-tv-noise/index.html]
[geekprank.com/cracked-screen/cracked-screen.jpg]
[geekprank.com/cracked-screen/index.html]
[geekprank.com/just-prank/index.html]
[geekprank.com/jurassic-park/script.js]
[geekprank.com/jurassic-park/style5e1f.css]
[geekprank.com/jurassic-park/apple-touch-icon.png]
[geekprank.com/jurassic-park/sound/alarm.mp3]
[geekprank.com/jurassic-park/index.html]
[geekprank.com/jurassic-park/console/index.html]
[geekprank.com/terms-and-conditions-2.html]
[geekprank.com/stylece31.css]
[geekprank.com/scriptsce31.js]
[geekprank.com/images/writehereyo.png]
[geekprank.com/terms-and-conditions.html]
[geekprank.com/sitemap-2.html]
[geekprank.com/internet-explorer-ie7-emulator.html]
[geekprank.com/hacker/bitcoin-miner/index.html]
[geekprank.com/sitemap.html]
[geekprank.com/blank.html]
[geekprank.com/norton-commander/index.html]
[geekprank.com/boot-device-not-found/stylef0b5.css]
[geekprank.com/crack/index.html]
[geekprank.com/boot-device-not-found/script.js]
[geekprank.com/boot-device-not-found/index.html]
[geekprank.com/boot-device-not-found/dell.png]
[geekprank.com/fake-dos/style.css]
[geekprank.com/fake-dos/script.js]
[geekprank.com/fake-dos/index.html]
[geekprank.com/blue-death/social.jpg]
[geekprank.com/blue-death/index.html]
[geekprank.com/images/startmenu/mydocs.html]
[geekprank.com/images/startmenu/mypics.html]
[geekprank.com/images/startmenu/image.html]
[geekprank.com/images/recent_arrows.html]
[geekprank.com/minesweeper/index-2.html]
[geekprank.com/tetris/index-2.html]
[geekprank.com/hacker/amp/index.html]
[geekprank.com/hacker/images/ui-icons_444444_256x240.png]
[geekprank.com/hacker/images/ui-icons_555555_256x240.png]
[geekprank.com/hacker/images/ui-icons_ffffff_256x240.png]
[geekprank.com/hacker/images/ui-icons_777620_256x240.png]
[geekprank.com/hacker/images/ui-icons_cc0000_256x240.png]
[geekprank.com/hacker/images/ui-icons_777777_256x240.png]
[geekprank.com/hacker/flags.png]
[geekprank.com/hacker/green-folder.png]
[geekprank.com/hacker/bitcoin.png]
[geekprank.com/hacker/green-graph.gif]
[geekprank.com/hacker/hammer.png]
[geekprank.com/hacker/bang.png]
[geekprank.com/hacker/heap.png]
[geekprank.com/hacker/wait-icon.png]
[geekprank.com/hacker/ui-icons.png]
[geekprank.com/hacker/green-back.jpg]
[geekprank.com/hacker/execute.png]
[geekprank.com/hacker/progres.png]
[geekprank.com/hacker/server.gif]
[geekprank.com/hacker/lock-closed-green.gif]
[geekprank.com/hacker/nuclearPlant.png]
[geekprank.com/hacker/hacker7f2f.css]
[geekprank.com/hacker/hackere38a.css]
[geekprank.com/hacker/simulador/index.html]
[geekprank.com/hacker/simulador-pt/index.html]
[geekprank.com/hacker/simulateur/index.html]
[geekprank.com/hacker/simulator/index.html]
[geekprank.com/hacker/simulatoru/index.html]
[geekprank.com/hacker/typer/index.html]
[geekprank.com/hacker/hacker2dcc.js]
[geekprank.com/chat-screenshot/amp.html]
[geekprank.com/chat-screenshot/sprite.png]
[geekprank.com/chat-screenshot/bigphone.png]
[geekprank.com/chat-screenshot/topnotch.png]
[geekprank.com/chat-screenshot/arrowup.png]
[geekprank.com/chat-screenshot/ios-he.png]
[geekprank.com/chat-screenshot/ios-me.png]
[geekprank.com/chat-screenshot/activemark.png]
[geekprank.com/chat-screenshot/send-pecek.png]
[geekprank.com/chat-screenshot/scrollbar-back.png]
[geekprank.com/chat-screenshot/bigphone-facebook.png]
[geekprank.com/chat-screenshot/bigphone-twitter.png]
[geekprank.com/chat-screenshot/bigphone-tinder.png]
[geekprank.com/chat-screenshot/bigphone-whatsapp.png]
[geekprank.com/chat-screenshot/topnotch-negative.png]
[geekprank.com/chat-screenshot/whatsapp-he.png]
[geekprank.com/chat-screenshot/whatsapp-me.png]
[geekprank.com/chat-screenshot/bigphone-skype.png]
[geekprank.com/chat-screenshot/bigphone-iphone.png]
[geekprank.com/chat-screenshot/bigphone-android.png]
[geekprank.com/chat-screenshot/bigphone-linkedin.png]
[geekprank.com/chat-screenshot/whatsback.jpg]
[geekprank.com/chat-screenshot/index3742.css]
[geekprank.com/fake-virus/scroll.png]
[geekprank.com/fake-virus/style3742.css]
[geekprank.com/fbi-warning/scroll.png]
[geekprank.com/fbi-warning/style3742.css]
[geekprank.com/apple/mobile.html]
[geekprank.com/apple/apple-ios-upgrade-prank.svg]
[geekprank.com/winxp-update/backg.jpg]
[geekprank.com/winxp-update/style.css]
[geekprank.com/win7-update/backg.jpg]
[geekprank.com/win7-update/style.css]
[geekprank.com/win10-update/style.css]
[geekprank.com/bios/fonts/Perfect.eot]
[geekprank.com/bios/fonts/Perfect.woff]
[geekprank.com/bios/fonts/Perfect.ttf]
[geekprank.com/bios/style.css]
[geekprank.com/xp-simulator.html]
[geekprank.com/matrix-code-rain/style.css]
[geekprank.com/static-tv-noise/style.css]
[geekprank.com/bios/fonts/Perfect.svg]
[geekprank.com/just-prank/style.css]
[geekprank.com/images/slider/bitcoin.jpg]
[geekprank.com/images/slider/system-boot-screen.jpg]
[geekprank.com/just-prank/just-prank.gif]
[geekprank.com/just-prank/index.html]
[geekprank.com/jurassic-park/sprite.png]
[geekprank.com/jurassic-park/map.jpg]
[geekprank.com/jurassic-park/fence/p0.png]
[geekprank.com/jurassic-park/fence/p1.png]
[geekprank.com/jurassic-park/fence/p2.png]
[geekprank.com/jurassic-park/fence/p3.png]
[geekprank.com/jurassic-park/fence/p4.png]
[geekprank.com/jurassic-park/fence/p5.png]
[geekprank.com/jurassic-park/fence/p6.png]
[geekprank.com/jurassic-park/fence/p7.png]
[geekprank.com/jurassic-park/fence/p0.gif]
[geekprank.com/jurassic-park/fence/p1.gif]
[geekprank.com/jurassic-park/fence/p2.gif]
[geekprank.com/jurassic-park/fence/p3.gif]
[geekprank.com/jurassic-park/fence/p4.gif]
[geekprank.com/jurassic-park/fence/p5.gif]
[geekprank.com/jurassic-park/fence/p6.gif]
[geekprank.com/jurassic-park/fence/p7.gif]
[geekprank.com/jurassic-park/style5e1f.css]
[geekprank.com/jurassic-park/apple-touch-icon.html]
[geekprank.com/jurassic-park/console/script.js]
[geekprank.com/jurassic-park/console/style.css]
[geekprank.com/jurassic-park/console/jurassic-park-computer-screen.png]
[geekprank.com/jurassic-park/console/console.jpg]
[geekprank.com/jurassic-park/console/beep.mp3]
[geekprank.com/jurassic-park/console/beep-dramatic.mp3]
[geekprank.com/jurassic-park/console/index.html]
[geekprank.com/terms-and-conditions-2.html]
[geekprank.com/stylece31.css]
[geekprank.com/sitemap-2.html]
[geekprank.com/hacker/hacker.css]
[geekprank.com/hacker/bitcoin-miner/index.html]
[geekprank.com/hacker/hacker1b77.js]
[geekprank.com/norton-commander/style.css]
[geekprank.com/norton-commander/index.html]
[geekprank.com/crack/cracked-mobile.jpg]
[geekprank.com/crack/index.html]
[geekprank.com/images/ie7-emulator.jpg]
[geekprank.com/internet-explorer-ie7-emulator.html]
[geekprank.com/blank.html]
[geekprank.com/boot-device-not-found/fonts/Perfect.eot]
[geekprank.com/boot-device-not-found/fonts/Perfect.woff]
[geekprank.com/boot-device-not-found/fonts/Perfect.ttf]
[geekprank.com/boot-device-not-found/fonts/Perfect.svg]
[geekprank.com/boot-device-not-found/cursor.png]
[geekprank.com/boot-device-not-found/stylef0b5.css]
[geekprank.com/fake-dos/fonts/Perfect.eot]
[geekprank.com/fake-dos/fonts/Perfect.woff]
[geekprank.com/fake-dos/fonts/Perfect.ttf]
[geekprank.com/fake-dos/fonts/Perfect.svg]
[geekprank.com/fake-dos/cursor.png]
[geekprank.com/fake-dos/typing.gif]
[geekprank.com/fake-dos/style.css]
[geekprank.com/hacker/images/ui-icons_444444_256x240.html]
[geekprank.com/hacker/images/ui-icons_555555_256x240.html]
[geekprank.com/hacker/images/ui-icons_ffffff_256x240.html]
[geekprank.com/hacker/images/ui-icons_777620_256x240.html]
[geekprank.com/hacker/images/ui-icons_cc0000_256x240.html]
[geekprank.com/hacker/images/ui-icons_777777_256x240.html]
[geekprank.com/hacker/hackere38a.css]
[geekprank.com/apple/apple-ios-upgrade-prank.svg]
[geekprank.com/bios/fonts/Perfect.svg]
[geekprank.com/just-prank/style.css]
[geekprank.com/jurassic-park/console/bg.jpg]
[geekprank.com/jurassic-park/console/menuico.png]
[geekprank.com/jurassic-park/console/sprite.png]
[geekprank.com/jurassic-park/console/sprite-v.png]
[geekprank.com/jurassic-park/console/style.css]
[geekprank.com/hacker/hacker.css]
[geekprank.com/norton-commander/fonts/Perfect.eot]
[geekprank.com/norton-commander/fonts/Perfect.woff]
[geekprank.com/norton-commander/fonts/Perfect.ttf]
[geekprank.com/norton-commander/fonts/Perfect.svg]
[geekprank.com/norton-commander/fonts/joystix.eot]
[geekprank.com/norton-commander/fonts/joystix.woff]
[geekprank.com/norton-commander/fonts/joystix.ttf]
[geekprank.com/norton-commander/fonts/joystix.svg]
[geekprank.com/norton-commander/cursor.png]
[geekprank.com/norton-commander/style.css]
[geekprank.com/norton-commander/script.js]
[geekprank.com/boot-device-not-found/fonts/Perfect.svg]
[geekprank.com/fake-dos/fonts/Perfect.svg]
[geekprank.com/norton-commander/fonts/Perfect.svg]
[geekprank.com/norton-commander/fonts/joystix.svg]
